f:\fileexchangeprojectsv11\wsn_som_optimization_v11.0\64bit\code\dsr\x64\debug\vc141.pdb
f:\fileexchangeprojectsv11\wsn_som_optimization_v11.0\64bit\code\dsr\x64\debug\vc141.idb
f:\fileexchangeprojectsv11\wsn_som_optimization_v11.0\64bit\code\dsr\x64\debug\sourceroute.obj
f:\fileexchangeprojectsv11\wsn_som_optimization_v11.0\64bit\code\dsr\x64\debug\som_clustering.obj
f:\fileexchangeprojectsv11\wsn_som_optimization_v11.0\64bit\code\dsr\x64\debug\sendbuffer.obj
f:\fileexchangeprojectsv11\wsn_som_optimization_v11.0\64bit\code\dsr\x64\debug\routerequest.obj
f:\fileexchangeprojectsv11\wsn_som_optimization_v11.0\64bit\code\dsr\x64\debug\routereply.obj
f:\fileexchangeprojectsv11\wsn_som_optimization_v11.0\64bit\code\dsr\x64\debug\routeerror.obj
f:\fileexchangeprojectsv11\wsn_som_optimization_v11.0\64bit\code\dsr\x64\debug\routecache.obj
f:\fileexchangeprojectsv11\wsn_som_optimization_v11.0\64bit\code\dsr\x64\debug\packetprocessing.obj
f:\fileexchangeprojectsv11\wsn_som_optimization_v11.0\64bit\code\dsr\x64\debug\network_layer_ack.obj
f:\fileexchangeprojectsv11\wsn_som_optimization_v11.0\64bit\code\dsr\x64\debug\matlab_interface.obj
f:\fileexchangeprojectsv11\wsn_som_optimization_v11.0\64bit\code\dsr\x64\debug\maintbuffer.obj
f:\fileexchangeprojectsv11\wsn_som_optimization_v11.0\64bit\code\dsr\x64\debug\dsr.obj
f:\fileexchangeprojectsv11\wsn_som_optimization_v11.0\64bit\code\dsr\x64\debug\checkroutefound.obj
f:\fileexchangeprojectsv11\wsn_som_optimization_v11.0\64bit\code\dll\dsr.lib
f:\fileexchangeprojectsv11\wsn_som_optimization_v11.0\64bit\code\dll\dsr.exp
f:\fileexchangeprojectsv11\wsn_som_optimization_v11.0\64bit\code\dll\libdsr.dll
f:\fileexchangeprojectsv11\wsn_som_optimization_v11.0\64bit\code\dll\dsr.pdb
c:\users\tetcos-pc\desktop\wsn_som_optimization_v11.0\64bit\code\dsr\x64\debug\checkroutefound.obj
c:\users\tetcos-pc\desktop\wsn_som_optimization_v11.0\64bit\code\dsr\x64\debug\dsr.obj
c:\users\tetcos-pc\desktop\wsn_som_optimization_v11.0\64bit\code\dsr\x64\debug\maintbuffer.obj
c:\users\tetcos-pc\desktop\wsn_som_optimization_v11.0\64bit\code\dsr\x64\debug\matlab_interface.obj
c:\users\tetcos-pc\desktop\wsn_som_optimization_v11.0\64bit\code\dsr\x64\debug\network_layer_ack.obj
c:\users\tetcos-pc\desktop\wsn_som_optimization_v11.0\64bit\code\dsr\x64\debug\packetprocessing.obj
c:\users\tetcos-pc\desktop\wsn_som_optimization_v11.0\64bit\code\dsr\x64\debug\routecache.obj
c:\users\tetcos-pc\desktop\wsn_som_optimization_v11.0\64bit\code\dsr\x64\debug\routeerror.obj
c:\users\tetcos-pc\desktop\wsn_som_optimization_v11.0\64bit\code\dsr\x64\debug\routereply.obj
c:\users\tetcos-pc\desktop\wsn_som_optimization_v11.0\64bit\code\dsr\x64\debug\routerequest.obj
c:\users\tetcos-pc\desktop\wsn_som_optimization_v11.0\64bit\code\dsr\x64\debug\sendbuffer.obj
c:\users\tetcos-pc\desktop\wsn_som_optimization_v11.0\64bit\code\dsr\x64\debug\som_clustering.obj
c:\users\tetcos-pc\desktop\wsn_som_optimization_v11.0\64bit\code\dsr\x64\debug\sourceroute.obj
c:\users\tetcos-pc\desktop\wsn_som_optimization_v11.0\64bit\code\dsr\x64\debug\vc141.idb
c:\users\tetcos-pc\desktop\wsn_som_optimization_v11.0\64bit\code\dsr\x64\debug\vc141.pdb
c:\users\tetcos-pc\desktop\wsn_som_optimization_v11.0\64bit\code\dsr\x64\debug\dsr.tlog\cl.command.1.tlog
c:\users\tetcos-pc\desktop\wsn_som_optimization_v11.0\64bit\code\dsr\x64\debug\dsr.tlog\cl.read.1.tlog
c:\users\tetcos-pc\desktop\wsn_som_optimization_v11.0\64bit\code\dsr\x64\debug\dsr.tlog\cl.write.1.tlog
c:\users\tetcos-pc\desktop\wsn_som_optimization_v11.0\64bit\code\dsr\x64\debug\dsr.tlog\dsr.write.1u.tlog
c:\users\tetcos-pc\desktop\wsn_som_optimization_v11.0\64bit\code\dsr\x64\debug\dsr.tlog\link.command.1.tlog
c:\users\tetcos-pc\desktop\wsn_som_optimization_v11.0\64bit\code\dsr\x64\debug\dsr.tlog\link.read.1.tlog
c:\users\tetcos-pc\desktop\wsn_som_optimization_v11.0\64bit\code\dsr\x64\debug\dsr.tlog\link.write.1.tlog
